<?xml version="1.0" encoding="UTF-8"?>
<!-- Generated by org.testng.reporters.JUnitXMLReporter -->
<testsuite hostname="DESKTOP-JIF9KL8" ignored="0" name="login" tests="2" failures="0" timestamp="2020-09-28T18:29:09 IST" time="0.324" errors="0">
  <testcase name="@BeforeTest startProcess" time="0.244" classname="com.POM.POM_001">
    <failure type="java.lang.NullPointerException">
      <![CDATA[java.lang.NullPointerException
at com.project.BaseTest.launchBrowser(BaseTest.java:89)
at com.POM.POM_001.startProcess(POM_001.java:19)
... Removed 24 stack frames]]>
    </failure>
  </testcase> <!-- @BeforeTest startProcess -->
  <testcase name="@BeforeTest startProcess" time="-1.601297949072E9" classname="com.POM.POM_002">
    <skipped/>
  </testcase> <!-- @BeforeTest startProcess -->
  <testcase name="@AfterTest afterTest" time="-1.601297949132E9" classname="com.POM.POM_001">
    <skipped/>
  </testcase> <!-- @AfterTest afterTest -->
  <testcase name="@AfterTest afterTest" time="-1.601297949132E9" classname="com.POM.POM_002">
    <skipped/>
  </testcase> <!-- @AfterTest afterTest -->
  <testcase name="login" time="0.0" classname="com.POM.POM_002">
    <skipped/>
  </testcase> <!-- login -->
  <testcase name="login" time="0.0" classname="com.POM.POM_001">
    <skipped/>
  </testcase> <!-- login -->
</testsuite> <!-- login -->
